0 info it worked if it ends with ok
1 verbose cli [ '/usr/local/bin/node', '/usr/local/bin/npm', 'start', 'dev' ]
2 info using npm@4.1.2
3 info using node@v10.10.0
4 verbose run-script [ 'prestart', 'start', 'poststart' ]
5 info lifecycle kali-visuals@1.0.0~prestart: kali-visuals@1.0.0
6 silly lifecycle kali-visuals@1.0.0~prestart: no script for prestart, continuing
7 info lifecycle kali-visuals@1.0.0~start: kali-visuals@1.0.0
8 verbose lifecycle kali-visuals@1.0.0~start: unsafe-perm in lifecycle true
9 verbose lifecycle kali-visuals@1.0.0~start: PATH: /usr/local/lib/node_modules/npm/bin/node-gyp-bin:/Users/Anthony/Documents/workspace/kaliVisuals/node_modules/.bin:/usr/local/opt/icu4c/sbin:/usr/local/opt/icu4c/bin:/usr/local/bin:/usr/bin:/bin:/usr/sbin:/sbin:/Users/Anthony/Documents/CODES/SUMMER2018/Lab3_SEG3103/tcases-1.5.4/bin:/Applications/Wireshark.app/Contents/MacOS
10 verbose lifecycle kali-visuals@1.0.0~start: CWD: /Users/Anthony/Documents/workspace/kaliVisuals
11 silly lifecycle kali-visuals@1.0.0~start: Args: [ '-c', 'node server.js "dev"' ]
12 silly lifecycle kali-visuals@1.0.0~start: Returned: code: 1  signal: null
13 info lifecycle kali-visuals@1.0.0~start: Failed to exec start script
14 verbose stack Error: kali-visuals@1.0.0 start: `node server.js "dev"`
14 verbose stack Exit status 1
14 verbose stack     at EventEmitter.<anonymous> (/usr/local/lib/node_modules/npm/lib/utils/lifecycle.js:279:16)
14 verbose stack     at EventEmitter.emit (events.js:182:13)
14 verbose stack     at ChildProcess.<anonymous> (/usr/local/lib/node_modules/npm/lib/utils/spawn.js:40:14)
14 verbose stack     at ChildProcess.emit (events.js:182:13)
14 verbose stack     at maybeClose (internal/child_process.js:962:16)
14 verbose stack     at Process.ChildProcess._handle.onexit (internal/child_process.js:251:5)
15 verbose pkgid kali-visuals@1.0.0
16 verbose cwd /Users/Anthony/Documents/workspace/kaliVisuals
17 error Darwin 17.7.0
18 error argv "/usr/local/bin/node" "/usr/local/bin/npm" "start" "dev"
19 error node v10.10.0
20 error npm  v4.1.2
21 error code ELIFECYCLE
22 error kali-visuals@1.0.0 start: `node server.js "dev"`
22 error Exit status 1
23 error Failed at the kali-visuals@1.0.0 start script 'node server.js "dev"'.
23 error Make sure you have the latest version of node.js and npm installed.
23 error If you do, this is most likely a problem with the kali-visuals package,
23 error not with npm itself.
23 error Tell the author that this fails on your system:
23 error     node server.js "dev"
23 error You can get information on how to open an issue for this project with:
23 error     npm bugs kali-visuals
23 error Or if that isn't available, you can get their info via:
23 error     npm owner ls kali-visuals
23 error There is likely additional logging output above.
24 verbose exit [ 1, true ]
